<?xml version="1.0" encoding="UTF-8"?>
<testng-results skipped="0" failed="0" ignored="0" total="1" passed="1">
  <reporter-output>
  </reporter-output>
  <suite name="testNGSuite" duration-ms="15087" started-at="2022-03-01T12:06:31Z" finished-at="2022-03-01T12:06:46Z">
    <groups>
    </groups>
    <test name="LoginTest" duration-ms="15087" started-at="2022-03-01T12:06:31Z" finished-at="2022-03-01T12:06:46Z">
      <class name="com.jtaf.qa.test.LoginPageTest">
        <test-method status="PASS" signature="init()[pri:0, instance:com.jtaf.qa.test.LoginPageTest@23faf8f2]" name="init" is-config="true" duration-ms="14" started-at="2022-03-01T12:06:31Z" finished-at="2022-03-01T12:06:31Z">
          <reporter-output>
          </reporter-output>
        </test-method> <!-- init -->
        <test-method status="PASS" signature="setUpTest(java.lang.String)[pri:0, instance:com.jtaf.qa.test.LoginPageTest@23faf8f2]" name="setUpTest" is-config="true" duration-ms="7205" started-at="2022-03-01T12:06:31Z" finished-at="2022-03-01T12:06:38Z">
          <params>
            <param index="0">
              <value>
                <![CDATA[chrome]]>
              </value>
            </param>
          </params>
          <reporter-output>
          </reporter-output>
        </test-method> <!-- setUpTest -->
        <test-method status="PASS" signature="verifyLoginTest()[pri:1, instance:com.jtaf.qa.test.LoginPageTest@23faf8f2]" name="verifyLoginTest" duration-ms="7670" started-at="2022-03-01T12:06:38Z" finished-at="2022-03-01T12:06:46Z">
          <reporter-output>
          </reporter-output>
        </test-method> <!-- verifyLoginTest -->
        <test-method status="PASS" signature="tearDown()[pri:0, instance:com.jtaf.qa.test.LoginPageTest@23faf8f2]" name="tearDown" is-config="true" duration-ms="184" started-at="2022-03-01T12:06:46Z" finished-at="2022-03-01T12:06:46Z">
          <reporter-output>
          </reporter-output>
        </test-method> <!-- tearDown -->
        <test-method status="PASS" signature="exit()[pri:0, instance:com.jtaf.qa.test.LoginPageTest@23faf8f2]" name="exit" is-config="true" duration-ms="690" started-at="2022-03-01T12:06:46Z" finished-at="2022-03-01T12:06:46Z">
          <reporter-output>
          </reporter-output>
        </test-method> <!-- exit -->
      </class> <!-- com.jtaf.qa.test.LoginPageTest -->
    </test> <!-- LoginTest -->
  </suite> <!-- testNGSuite -->
</testng-results>
