<?xml version="1.0" encoding="UTF-8"?>
<testng-results skipped="0" failed="0" ignored="0" total="1" passed="1">
  <reporter-output>
  </reporter-output>
  <suite name="testNGSuite" duration-ms="18153" started-at="2022-03-03T11:59:39Z" finished-at="2022-03-03T11:59:57Z">
    <groups>
    </groups>
    <test name="CustomerSearchPageTest" duration-ms="18153" started-at="2022-03-03T11:59:39Z" finished-at="2022-03-03T11:59:57Z">
      <class name="com.jtaf.qa.test.CustomerSearchPageTest">
        <test-method status="PASS" signature="init()[pri:0, instance:com.jtaf.qa.test.CustomerSearchPageTest@23faf8f2]" name="init" is-config="true" duration-ms="25" started-at="2022-03-03T11:59:39Z" finished-at="2022-03-03T11:59:39Z">
          <reporter-output>
          </reporter-output>
        </test-method> <!-- init -->
        <test-method status="PASS" signature="setUpTest(java.lang.String)[pri:0, instance:com.jtaf.qa.test.CustomerSearchPageTest@23faf8f2]" name="setUpTest" is-config="true" duration-ms="7880" started-at="2022-03-03T11:59:39Z" finished-at="2022-03-03T11:59:47Z">
          <params>
            <param index="0">
              <value>
                <![CDATA[chrome]]>
              </value>
            </param>
          </params>
          <reporter-output>
          </reporter-output>
        </test-method> <!-- setUpTest -->
        <test-method status="PASS" signature="verifyCustomerSearchTest()[pri:3, instance:com.jtaf.qa.test.CustomerSearchPageTest@23faf8f2]" name="verifyCustomerSearchTest" duration-ms="10101" started-at="2022-03-03T11:59:47Z" finished-at="2022-03-03T11:59:57Z">
          <reporter-output>
          </reporter-output>
        </test-method> <!-- verifyCustomerSearchTest -->
        <test-method status="PASS" signature="tearDown()[pri:0, instance:com.jtaf.qa.test.CustomerSearchPageTest@23faf8f2]" name="tearDown" is-config="true" duration-ms="143" started-at="2022-03-03T11:59:57Z" finished-at="2022-03-03T11:59:57Z">
          <reporter-output>
          </reporter-output>
        </test-method> <!-- tearDown -->
        <test-method status="PASS" signature="exit()[pri:0, instance:com.jtaf.qa.test.CustomerSearchPageTest@23faf8f2]" name="exit" is-config="true" duration-ms="720" started-at="2022-03-03T11:59:57Z" finished-at="2022-03-03T11:59:58Z">
          <reporter-output>
          </reporter-output>
        </test-method> <!-- exit -->
      </class> <!-- com.jtaf.qa.test.CustomerSearchPageTest -->
    </test> <!-- CustomerSearchPageTest -->
  </suite> <!-- testNGSuite -->
</testng-results>
